1: AAPL
2: GOOGL
3: GOOG
4: MSFT
5: FB
6: AMZN
7: INTC
8: GILD
9: CMCSK
10: CMCSA
11: CSCO
12: AMGN
13: WBA
14: QCOM
15: CELG
16: KHC
17: SBUX
18: VOD
19: MDLZ
20: PCLN
21: COST
22: BIIB
23: FOX
24: TXN
25: AMOV
26: ESRX
27: REGN
28: BIDU
29: ADBE
30: NFLX
31: SHPG
32: PYPL
33: ADP
34: CTSH
35: QQQ
36: ASML
37: LBTYB
38: ALXN
39: LBTYA
40: LBTYK
41: JD
42: FOXA
43: LILA
44: LILAK
45: AVGO
46: EBAY
47: ERIC
48: BRCM
49: CME
50: YHOO
51: AAL
52: WPPGY
53: MNST
54: DISH
55: VRTX
56: INTU
57: TSLA
58: ORLY
59: ATVI
60: LVNTA
61: LVNTB
62: EA
63: ARMH
64: FISV
65: NXPI
66: CERN
67: RYAAY
68: SIRI
69: ILMN
70: VIA
71: CHTR
72: ROST
73: AMAT
74: MYL
75: MAR
76: ADI
77: INCY
78: PCAR
79: TROW
80: MU
81: PAYX
82: ISRG
83: NTES
84: VIAB
85: QVCB
86: QVCA
87: EQIX
88: BMRN
89: SIAL
90: EXPE
91: NTRS
92: IBKR
93: SNDK
94: WDC
95: ALTR
96: SWKS
97: FITB
98: NVDA
99: SBAC
100: CHKP
101: MDVN
102: DLTR
103: NCLH
104: SYMC
105: VRSK
106: LMCA
107: AKAM
108: LMCB
109: CTXS
110: LMCK
111: ENDP
112: DISCA
113: HSIC
114: STX
115: TSCO
116: CA
117: XLNX
118: DISCK
119: TRIP
120: ADSK
121: GRFS
122: LRCX
123: DISCB
124: WFM
125: FAST
126: LLTC
127: MXIM
128: ULTA
129: CHRW
130: VCSH
131: CTRP
132: HOLX
133: MCHP
134: KLAC
135: NTAP
136: SRCL
137: CTAS
138: MPEL
139: NDAQ
140: BBBY
141: HAS
142: IEP
143: EXPD
144: CINF
145: ACGL
146: DOX
147: ALKS
148: JBHT
149: VRSN
150: HBAN
151: GT
152: NWS
153: NWSA
154: LKQ
155: AGNCB
156: TW
157: FFIV
158: GMCR
159: ANSS
160: SEIC
161: MAT
162: XRAY
163: ETFC
164: SABR
165: SPLS
166: JAZZ
167: CDK
168: NTIC
169: TRCB
170: QCLN
171: ASBI
172: MNOV
173: EVOL
174: PRCP
175: ADRD
176: AMSC
177: FCAP
178: APRI
179: PRTS
180: FCVA
181: IROQ
182: AQMS
183: KINS
184: TUTT
185: MSBF
186: HNSN
187: INTG
188: SPRT
189: AVNW
190: TRNS
191: FCLF
192: LENS
193: MPB
194: MAGS
195: GMAN
196: UCBA
197: AGZD
198: IMMY
199: SIEN
200: WSTL
201: AVEO
202: TEAR
203: VSTM
204: CGIX
205: DWCH
206: CAPR
207: HIIQ
208: TINY
209: BUR
210: SNSS
211: SVVC
212: PNBK
213: MCEP
214: HTCH
215: CLBS
216: PIRS
217: TISA
218: SSBI
219: RMCF
220: OCRX
221: OGXI
222: MFNC
223: IFEU
224: MBII
225: CDZI
226: BONT
227: ARIS
228: JST
229: GFED
230: CARZ
231: GALT
232: NTEC
233: PBSK
234: RCMT
235: MCBK
236: ASRV
237: CYRN
238: MBCN
239: PSBH
240: FXEN
241: MCUR
242: PERF
243: ALDX
244: SITO
245: TGEN
246: VKTX
247: GNMA
248: MARK
249: MTEX
250: NTWK
251: TATT
252: RBPAA
253: DSKX
254: XPLR
255: ONCS
256: SMT
257: EMIF
258: HSGX
259: PFIE
260: SBCP
261: EVAR
262: CPXX
263: DVCR
264: MEIP
265: TFSC
266: BYBK
267: CWBC
268: SBBX
269: ICAD
270: ANCB
271: CYTX
272: PMD
273: CLCD
274: IPKW
275: FBSS
276: MGYR
277: DTYS
278: WBKC
279: CWAY
280: IPAS
281: RIVR
282: LOJN
283: WILC
284: LRAD
285: VLTC
286: BBLU
287: GLADO
288: INOD
289: NGHCP
290: VIRC
291: BHAC
292: TWER
293: CERCU
294: VBIV
295: UNAM
296: PBMD
297: CNLM
298: NVFY
299: CRBP
300: SPAN
301: BLRX
302: AFCB
303: ESBK
304: TST
305: CDNA
306: BIOL
307: HMNF
308: IEUS
309: OESX
310: EBIO
311: PNTR
312: MNDO
313: AIRR
314: UBOH
315: CYBE
316: ATLC
317: BCLI
318: SMAC
319: SVBI
320: FUNC
321: CHNR
322: AMTX
323: VISN
324: TAYD
325: MIND
326: SLTD
327: EMCF
328: SFBC
329: IIN
330: ADMP
331: VCEL
332: EACQ
333: SBFG
334: FHCO
335: PFBX
336: HBK
337: AEMD
338: ONCY
339: BNTC
340: MNGA
341: OMEX
342: IDSY
343: FRBA
344: PESI
345: APTO
346: USBI
347: DTRM
348: MTGEP
349: CBIO
350: HFBL
351: BAMM
352: SIBC
353: CCUR
354: QAT
355: RLOC
356: AIRT
357: PRAN
358: UBCP
359: SSH
360: PBHC
361: GLDC
362: OIIM
363: PARN
364: CZWI
365: CEMI
366: WEBK
367: MOLG
368: EEI
369: CSBR
370: YOD
371: FPA
372: FTEK
373: KEQU
374: TRCH
375: EVK
376: EAC
377: PIH
378: PBCP
379: EBMT
380: INTX
381: CBLI
382: ABIO
383: IPCI
384: ZHNE
385: WRES
386: CPHC
387: NVET
388: WHLM
389: PBIB
390: PLBC
391: STEM
392: CNTF
393: JXSB
394: GULF
395: ESES
396: NVGN
397: TLOG
398: ASTC
399: CIDM
400: ICLD
401: GWGH
402: ISSC
403: EDUC
404: EMMS
405: SMACU
406: MOKO
407: TFSCU
408: BDCV
409: MCOX
410: TUTI
411: PSCU
412: CLSN
413: CASI
414: BIOC
415: NAII
416: STLY
417: SAEX
418: CUBA
419: BLPH
420: HPJ
421: SEV
422: MFRI
423: BYFC
424: JTPY
425: SHIP
426: ZIV
427: SORL
428: MELR
429: RLOG
430: CBAY
431: CTRV
432: STRM
433: OBAS
434: STDY
435: BOTJ
436: RFIL
437: SEED
438: HTGM
439: ARCW
440: ENZN
441: SYNC
442: BWEN
443: CBAK
444: PFIN
445: CREG
446: DSCO
447: NSEC
448: GEVO
449: HOVNP
450: VICL
451: OXBR
452: SSFN
453: SMSI
454: DXPS
455: OHGI
456: PSCE
457: ACPW
458: RMGN
459: AGND
460: SBSA
461: WVVI
462: CPSH
463: ARTX
464: QTWW
465: IMNP
466: PYDS
467: GLBZ
468: ASUR
469: ZSAN
470: ERS
471: WAYN
472: KGJI
473: FEMS
474: VRNG
475: GTWN
476: SUMR
477: COSI
478: SAFM
479: ACOR
480: PRTA
481: PLAY
482: AIRM
483: BOFI
484: CBF
485: CATM
486: ONCE
487: VA
488: APOG
489: BABY
490: NKTR
491: SBRA
492: VMBS
493: ADRO
494: MNKD
495: UFPI
496: MFRM
497: CYBR
498: MGEE
499: HQCL
500: RP
501: SONC
502: CCOI
503: HUBG
504: LORL
505: SFLY
506: SSYS
507: FWRD
508: GK
509: HMIN
510: TTEC
511: FDML
512: KALU
513: PENN
514: POWI
515: RNST
516: FMBI
517: GBT
518: VIAV
519: CNV
520: CXRX
521: ITRI
522: ZIOP
523: BBCN
524: BLDR
525: IPCM
526: LTXB
527: MDAS
528: WDFC
529: AMKR
530: AINV
531: ATNI
532: EXLS
533: EXPO
534: RCII
535: SMCI
536: COHR
537: FGEN
538: FELE
539: NTGR
540: SCHL
541: ZLTQ
542: GOGO
543: ESND
544: PLXS
545: PLKI
546: AMAG
547: CLDX
548: EXEL
549: AMED
550: CHFC
551: MGLN
552: SAGE
553: VNOM
554: IOSP
555: NWBI
556: DSGX
557: UCBI
558: ARIA
559: DBVT
560: FIBK
561: LABL
562: PINC
563: ALDR
564: CSTE
565: EGOV
566: PAHC
567: ETSY
568: PAAS
569: SYKE
570: WSBC
571: FNSR
572: PRGS
573: RMBS
574: SPSC
575: NAVG
576: INDB
577: NBTB
578: STMP
579: HOLI
580: MKTO
581: GLBL
582: TFM
583: FFBC
584: BJRI
585: FWP
586: PCH
587: TLMR
588: TASR
589: WWWW
590: QLYS
591: AMWD
592: XXIA
593: AAON
594: IILG
595: UBSH
596: CZR
597: QLGC
598: SMTC
599: BNCL
600: DIOD
601: STBA
602: SHEN
603: WABC
604: CSIQ
605: FSV
606: INSM
607: MHLD
608: MNTA
609: SCAI
610: AEIS
611: PLCE
612: TREE
613: OMCL
614: PRFZ
615: CNMD
616: EXLP
617: KRNY
618: RRGB
619: MCRB
620: CNSL
621: IRCP
622: OUTR
623: SFBS
624: ACHN
625: DMND
626: LXRX
627: TQQQ
628: SCSS
629: EPAY
630: MDCA
631: SCSC
632: TOWN
633: ALOG
634: FRGI
635: GMLP
636: IIVI
637: MACK
638: OPB
639: RGEN
640: CSGS
641: HIMX
642: HURN
643: OTTR
644: TSEM
645: SHLM
646: QIWI
647: ENSG
648: FCFS
649: MANT
650: NLNK
651: SRPT
652: THRX
653: AAWW
654: BNFT
655: NXTM
656: SIMO
657: AMSF
658: BANR
659: CCMP
660: DEPO
661: FRME
662: ENT
663: PRIM
664: VCLT
665: MGNX
666: NTK
667: SKYW
668: STFC
669: ARII
670: ECPG
671: MMLP
672: ANDE
673: RUSHA
674: BANF
675: SRCE
676: NSIT
677: IMKTA
678: KANG
679: EBIX
680: CACQ
681: GSM
682: XOOM
683: VRTS
684: ECOL
685: MTSC
686: ABAX
687: MITL
688: SWHC
689: IMGN
690: SGMS
691: ABCB
692: MDXG
693: CAFD
694: EGRX
695: MDIV
696: BOBE
697: BPFH
698: TWOU
699: UFCS
700: ROVI
701: CALD
702: CYOU
703: CHRS
704: IFGL
705: IPCC
706: BSFT
707: EGHT
708: REMY
709: NWLI
710: ELGX
711: INDY
712: HMSY
713: DENN
714: LINE
715: GLRE
716: RUSHB
717: RUN
718: TIVO
719: CLLS
720: IIJI
721: QSII
722: TYPE
723: HDP
724: CRAY
725: CENTA
726: ATRO
727: WIRE
728: ELNK
729: SAFT
730: OLLI
731: ACET
732: IRBT
733: DVAX
734: HAFC
735: PTCT
736: CENT
737: LITE
738: VDTH
739: WIX
740: XLRN
741: NK
742: FSC
743: IPHS
744: SGRY
745: GBDC
746: BNCN
747: NCMI
748: TRS
749: TOUR
750: WSFS
751: CVGW
752: WIBC
753: VECO
754: CHY
755: CONN
756: RPXC
757: CTCT
758: SAIA
759: JRVR
760: IFV
761: SCMP
762: FTD
763: SEDG
764: STNR
765: GNCMA
766: PRSC
767: UEPS
768: IPAR
769: RSTI
770: KFRC
771: RENT
772: CROX
773: SNHY
774: CPLP
775: INGN
776: DERM
777: LHCG
778: ABGB
779: HIBB
780: BRKL
781: APOL
782: FINL
783: MMSI
784: CEMP
785: SWIR
786: BONA
787: STBZ
788: ISLE
789: FOLD
790: NRCIB
791: HTLF
792: USCR
793: LE
794: SUPN
795: EBSB
796: HRTX
797: CFMS
798: LMNX
799: FMI
800: VIVO
801: LKFN
802: FPRX
803: KLIC
804: PDLI
805: EXAS
806: MTGE
807: HSTM
808: AXDX
809: CYNO
810: BRKS
811: GPRE
812: ARRY
813: UTIW
814: ADTN
815: TTS
816: HTWR
817: WIN
818: IQNT
819: SLRC
820: ASTE
821: EZCH
822: CFNL
823: KTWO
824: VNR
825: RPD
826: ARCB
827: WING
828: PTNR
829: ICON
830: MGRC
831: ISSI
832: PTXP
833: CVCO
834: AFFX
835: TCPC
836: VDSI
837: CHI
838: CAMP
839: NFBK
840: CHCO
841: BIB
842: ORIT
843: PATK
844: FNBC
845: SBSI
846: SRSC
847: BKCC
848: UEIC
849: GBLI
850: TTMI
851: IBTX
852: NTRI
853: GHDX
854: MERC
855: ININ
856: AIMC
857: ORBK
858: ATRA
859: ADAP
860: AEGN
861: ATRI
862: SASR
863: IRDM
864: NIHD
865: PGTI
866: ROCK
867: RDWR
868: AMBC
869: TGTX
870: GSBC
871: DHIL
872: RECN
873: FLML
874: WASH
875: RAVN
876: GTLS
877: CRVL
878: ECHO
879: CSFL
880: AIXG
881: MMYT
882: BCOM
883: UBNK
884: PLUS
885: MESG
886: RTRX
887: SGYP
888: HEES
889: NYMT
890: MB
891: PLAB
892: DCOM
893: BCRX
894: FOXF
895: AIMT
896: FLWS
897: OFIX
898: WLRH
899: CPLA
900: STRA
901: ATSG
902: LDRH
903: RVNC
904: HMTV
905: MPAA
906: AMRI
907: HABT
908: FARO
909: LGIH
910: LONG
911: FFIC
912: CTBI
913: ICFI
914: TRST
915: INTL
916: CASS
917: QQEW
918: SHOR
919: SSRI
920: APPF
921: QDEL
922: KELYA
923: CKEC
924: MRCY
925: MTRX
926: BPMC
927: PRFT
928: JBSS
929: BUSE
930: PMTS
931: OSIR
932: EFSC
933: NEWP
934: TCBK
935: NVDQ
936: PACB
937: FRAN
938: VGSH
939: FORR
940: ALRM
941: VASC
942: RLYP
943: MRTN
944: TDIV
945: BOJA
946: SPNS
947: ARNA
948: AMCC
949: SYBT
950: CHMA
951: OMED
952: EDGE
953: ACTA
954: MRTX
955: AERI
956: LOB
957: HFWA
958: PCCC
959: GRBK
960: GERN
961: VTWO
962: SP
963: CSWI
964: RNET
965: UDF
966: RUTH
967: NATL
968: CNOB
969: TEDU
970: LSCC
971: DGRW
972: ATRC
973: TRUE
974: WOWO
975: RBCAA
976: BDBD
977: SPNC
978: FRED
979: XIV
980: ITRN
981: HCKT
982: MSFG
983: CEVA
984: CNCE
985: SQBG
986: XNCR
987: CLNE
988: VRA
989: ANIP
990: HMST
991: STCK
992: CHUY
993: GSIG
994: INO
995: BCOR
996: LION
997: VONG
998: KPTI
999: CCLP
1000: PFBC
1001: KERX
1002: TBPH
1003: CCD
1004: SCVL
1005: HYLS
1006: LIND
1007: UACL
1008: XBIT
1009: PPBI
1010: COWN
1011: MYRG
1012: TRVN
1013: SAAS
1014: CHSCN
1015: NMIH
1016: NEWS
1017: STKL
1018: VNDA
1019: RPTP
1020: CHW
1021: ONEQ
1022: MFLX
1023: HWKN
1024: CSII
1025: SCHN
1026: THFF
1027: SEMI
1028: LOCO
1029: SBLK
1030: DXPE
1031: NDRM
1032: ENTA
1033: ARAY
1034: GPP
1035: MEMP
1036: FORTY
1037: PKOH
1038: LBAI
1039: FRP
1040: IXYS
1041: FNHC
1042: ZUMZ
1043: AEGR
1044: JASO
1045: FORM
1046: LPSN
1047: METR
1048: FBIZ
1049: DMLP
1050: CERS
1051: ASND
1052: TAST
1053: ANGO
1054: ERI
1055: QPAC
1056: FOGO
1057: NBBC
1058: VBND
1059: CCRN
1060: ORBC
1061: EUFN
1062: DAKT
1063: WLRHU
1064: AGEN
1065: NEO
1066: KNDI
1067: GABC
1068: VONV
1069: CORT
1070: IGOV
1071: NNBR
1072: SOXX
1073: NTRSP
1074: NTRA
1075: CTWS
1076: LOXO
1077: MTLS
1078: WINA
1079: MSEX
1080: VWOB
1081: CACB
1082: ARDX
1083: STB
1084: UTEK
1085: HSII
1086: QADB
1087: QURE
1088: FEP
1089: AEPI
1090: ANGI
1091: KBAL
1092: ABCW
1093: KIRK
1094: TUBE
1095: MLAB
1096: TCRD
1097: CUNB
1098: BHBK
1099: CTRN
1100: SMRT
1101: NWBO
1102: AFAM
1103: PLUG
1104: SREV
1105: GOGL
1106: VICR
1107: SNC
1108: PDVW
1109: WSBF
1110: VRNS
1111: SGBK
1112: PEBO
1113: POWL
1114: AGFS
1115: CMCO
1116: OSTK
1117: DGICA
1118: OFLX
1119: CARA
1120: VUSE
1121: CMTL
1122: CHEF
1123: PSEM
1124: NDLS
1125: CENX
1126: FLIC
1127: ERII
1128: KRNT
1129: DXGE
1130: TICC
1131: CVTI
1132: SNBC
1133: HTBI
1134: IIIN
1135: DTEA
1136: OVAS
1137: UVSP
1138: SPOK
1139: APEI
1140: INAP
1141: CSBK
1142: XCRA
1143: PRTK
1144: ALCO
1145: FFWM
1146: TGLS
1147: ACTG
1148: SCLN
1149: FBNC
1150: LJPC
1151: NILE
1152: HWAY
1153: INWK
1154: CYAD
1155: CTRE
1156: OREX
1157: FISI
1158: RDEN
1159: BSTC
1160: BV
1161: FDEF
1162: JIVE
1163: EXTR
1164: NRCIA
1165: GBNK
1166: AROW
1167: RDI
1168: LIOX
1169: VGIT
1170: ADXS
1171: MBWM
1172: SPPI
1173: RGNX
1174: NVCN
1175: BLCM
1176: PDFS
1177: MCRI
1178: BWINB
1179: MOFG
1180: TSC
1181: QQQX
1182: FRPT
1183: SUBK
1184: COLL
1185: AMCN
1186: BWINA
1187: GOOD
1188: BEAT
1189: FCBC
1190: FSAM
1191: PRQR
1192: VLGEA
1193: AVID
1194: PBPB
1195: KE
1196: ACLS
1197: IDRA
1198: EZPW
1199: BSET
1200: PGC
1201: PETS
1202: LNDC
1203: RGLS
1204: CTMX
1205: ORIG
1206: OKSB
1207: PERY
1208: QTEC
1209: BBSI
1210: UIHC
1211: FLXN
1212: BKMU
1213: SKYS
1214: REGI
1215: GNBC
1216: IBCP
1217: SIGM
1218: HMPR
1219: IMMR
1220: TNGO
1221: COB
1222: VIMC
1223: BZUN
1224: FLXS
1225: XNPT
1226: ATAX
1227: KZ
1228: CHSCO
1229: SONS
1230: VSAR
1231: GNMK
1232: WTBA
1233: AFOP
1234: PSTB
1235: TTPH
1236: DFRG
1237: BMRC
1238: BSF
1239: OCFC
1240: SODA
1241: ABUS
1242: ARWR
1243: SENEB
1244: HNH
1245: TESO
1246: STAA
1247: NANO
1248: OCLR
1249: CCXI
1250: TBK
1251: FTSL
1252: WRLD
1253: PHII
1254: WEYS
1255: CGEN
1256: FRPH
1257: LNCO
1258: MOBL
1259: DGII
1260: TCX
1261: PTSI
1262: HTBK
1263: HEOP
1264: TIPT
1265: PHIIK
1266: PFIS
1267: APIC
1268: ASCMA
1269: DMTX
1270: DMRC
1271: RXDX
1272: CARB
1273: CTIC
1274: TTGT
1275: YORW
1276: SRNE
1277: MGPI
1278: CAC
1279: RJET
1280: SYUT
1281: LMOS
1282: AMSWA
1283: AAOI
1284: ENTL
1285: DXLG
1286: LBIO
1287: AUMA
1288: CASH
1289: SVA
1290: TAX
1291: TNAV
1292: AVHI
1293: POPE
1294: COHU
1295: EVEP
1296: PUB
1297: LGCY
1298: CETV
1299: NVEC
1300: ZIXI
1301: PCBK
1302: RELY
1303: ELOS
1304: KEYW
1305: SENEA
1306: IRMD
1307: PSCT
1308: WIFI
1309: NSTG
1310: TBBK
1311: FKU
1312: CRMT
1313: ZFGN
1314: TBNK
1315: FBNK
1316: KTOS
1317: THLD
1318: NVMI
1319: DJCO
1320: TRIB
1321: SZYM
1322: ACRS
1323: HCCI
1324: RDNT
1325: QCRH
1326: OSUR
1327: BDSI
1328: HOFT
1329: PFSW
1330: CPRX
1331: ABTX
1332: SQI
1333: BELFB
1334: ADUS
1335: SRDX
1336: RTIX
1337: AMRS
1338: IMDZ
1339: DAX
1340: HIFS
1341: UCFC
1342: CCNE
1343: GALE
1344: TITN
1345: REIS
1346: ASEI
1347: CTCM
1348: CECO
1349: CCBG
1350: OXFD
1351: HCOM
1352: ZGNX
1353: QNST
1354: CYTK
1355: INNL
1356: COMT
1357: WOOD
1358: ELRC
1359: MCFT
1360: DHXM
1361: AGYS
1362: PSIX
1363: AKBA
1364: TRTL
1365: SGC
1366: USLM
1367: CSCD
1368: ADMS
1369: ESCA
1370: PEIX
1371: BFIN
1372: ACAT
1373: GLDD
1374: ZAGG
1375: ONTY
1376: TKAI
1377: LIFE
1378: CWST
1379: AMRN
1380: FSFR
1381: ENOC
1382: PICO
1383: FCEL
1384: VTAE
1385: CRIS
1386: MZOR
1387: LYTS
1388: BBOX
1389: CLACU
1390: BPOPN
1391: VTVT
1392: ELECU
1393: HBNC
1394: RDIB
1395: CNBKA
1396: NKSH
1397: WMAR
1398: CZNC
1399: TUES
1400: PSCH
1401: EXAC
1402: TSYS
1403: ISRL
1404: ELEC
1405: LQDT
1406: MGIC
1407: PRTO
1408: MBUU
1409: PNQI
1410: LAWS
1411: SILC
1412: LMNR
1413: FDUS
1414: EBTC
1415: TTOO
1416: HALL
1417: SNMX
1418: GARS
1419: RAIL
1420: EYES
1421: HCAC
1422: FSZ
1423: TNDM
1424: SQQQ
1425: VSEC
1426: BELFA
1427: FGM
1428: ATLO
1429: BGFV
1430: CECE
1431: EGLE
1432: SEAC
1433: EHTH
1434: RIGL
1435: DRRX
1436: ANTH
1437: WILN
1438: AMSGP
1439: PLPC
1440: FRSH
1441: JOUT
1442: GEOS
1443: ANCX
1444: GAIN
1445: CSWC
1446: FLDM
1447: UBIC
1448: PCYG
1449: NYNY
1450: ABCD
1451: SIXD
1452: SPKE
1453: IMMU
1454: NUTR
1455: CPTA
1456: HLG
1457: BLBD
1458: NATR
1459: PETX
1460: AGTC
1461: BSRR
1462: ARTNA
1463: CRAI
1464: EGLT
1465: ATRS
1466: BLDP
1467: AFH
1468: CBMG
1469: FNLC
1470: STRT
1471: SIFY
1472: PRMW
1473: LMAT
1474: MRLN
1475: JMBA
1476: SQNM
1477: CTR
1478: ENZY
1479: DXJS
1480: FUEL
1481: AAVL
1482: NRIM
1483: NEOS
1484: FTGC
1485: IGLD
1486: LWAY
1487: NCIT
1488: MDWD
1489: WHF
1490: CLFD
1491: ITEK
1492: MBVT
1493: SHOS
1494: OSBC
1495: TGA
1496: VCYT
1497: TRTLU
1498: CAAS
1499: ADEP
1500: MXWL
1501: FLKS
1502: SLMBP
1503: MATR
1504: KCAP
1505: GLAD
1506: CYTR
1507: HBCP
1508: GUID
1509: EXXI
1510: ALLT
1511: MCHX
1512: FMBH
1513: MRCC
1514: SZMK
1515: ATTU
1516: OLBK
1517: CALL
1518: FCSC
1519: SNAK
1520: GGAC
1521: FFNW
1522: GSVC
1523: HNRG
1524: PFLT
1525: CBNJ
1526: NATH
1527: MHLDO
1528: PTX
1529: KONA
1530: NVEE
1531: PULB
1532: HKTV
1533: GASS
1534: WFBI
1535: BBRG
1536: OCAT
1537: MTSN
1538: HURC
1539: OCUL
1540: BITI
1541: DTLK
1542: REXI
1543: CIFC
1544: SPNE
1545: SUNS
1546: NEWT
1547: MCBC
1548: CMLS
1549: EMKR
1550: UNTD
1551: VBTX
1552: CYNA
1553: ENPH
1554: BCOV
1555: MFSF
1556: CWCO
1557: ASMB
1558: UFPT
1559: TESS
1560: LMRK
1561: BDE
1562: VTHR
1563: GIFI
1564: GAIA
1565: TBRA
1566: EVLV
1567: PCO
1568: HNNA
1569: AXAS
1570: FSTR
1571: ABDC
1572: NMRX
1573: KVHI
1574: VTL
1575: SALM
1576: SKUL
1577: FSGI
1578: CHKE
1579: APDN
1580: IVTY
1581: SMBC
1582: FDT
1583: FNWB
1584: SLP
1585: PERI
1586: EFOI
1587: RILY
1588: BIOS
1589: IESC
1590: VALU
1591: XONE
1592: PLPM
1593: PCOM
1594: NAME
1595: YCB
1596: CNTY
1597: FEM
1598: VVUS
1599: GILT
1600: UCTT
1601: MLNK
1602: SIFI
1603: TWIN
1604: AQXP
1605: CLCT
1606: AGRX
1607: BREW
1608: QQXT
1609: ROIQ
1610: STML
1611: CRME
1612: BIS
1613: WLB
1614: EEMA
1615: LCNB
1616: ONFC
1617: QLTI
1618: PNRG
1619: GLDI
1620: TCBIP
1621: CTSO
1622: RNWK
1623: ADRE
1624: CMFN
1625: ESSA
1626: SGI
1627: SPAR
1628: RRM
1629: ORRF
1630: GOMO
1631: HRMN
1632: GTXI
1633: SBBP
1634: ACRX
1635: SBRAP
1636: FBRC
1637: ZAIS
1638: ITIC
1639: CRNT
1640: FUND
1641: ESIO
1642: SAMG
1643: EXA
1644: KMDA
1645: FENX
1646: ISHG
1647: MVIS
1648: FRBK
1649: WFD
1650: AUDC
1651: CARO
1652: VBLT
1653: VTWG
1654: PLNR
1655: HEAR
1656: III
1657: PROV
1658: SLMAP
1659: DGAS
1660: ADHD
1661: EPIX
1662: XELB
1663: ARQL
1664: CFNB
1665: INBK
1666: TROV
1667: BPTH
1668: AVNU
1669: MBTF
1670: NSSC
1671: DXYN
1672: VOXX
1673: MSLI
1674: SONA
1675: MNRK
1676: LMIA
1677: ALIM
1678: STRS
1679: TZOO
1680: RVLT
1681: SHLO
1682: EARS
1683: BOOM
1684: FNTC
1685: PSTI
1686: PME
1687: CALA
1688: CPSS
1689: BYLK
1690: BWFG
1691: DRYS
1692: DSCI
1693: CTG
1694: ROIQU
1695: IRDMB
1696: PMBC
1697: ACNB
1698: GGACU
1699: SFST
1700: NWPX
1701: ABEO
1702: CDXS
1703: CUI
1704: PFMT
1705: CORI
1706: CFFI
1707: LAYN
1708: WHLR
1709: CVLY
1710: JNP
1711: VGLT
1712: GRIF
1713: SPCB
1714: FTSM
1715: SMMF
1716: WLFC
1717: MBRG
1718: GLYC
1719: OASM
1720: REFR
1721: PBIP
1722: HBIO
1723: VNRBP
1724: MHGC
1725: RPRX
1726: NERV
1727: NVLS
1728: SMMT
1729: CVCY
1730: FBIO
1731: GNCA
1732: REXX
1733: CHMG
1734: SMED
1735: MIFI
1736: XOMA
1737: MRNS
1738: HDNG
1739: PCYO
1740: SHBI
1741: GDEN
1742: TNXP
1743: EGAN
1744: XENE
1745: UPLD
1746: GCBC
1747: BSQR
1748: CATB
1749: RKDA
1750: UNB
1751: ALSK
1752: FTCS
1753: ARGS
1754: EPRS
1755: PSCF
1756: FSYS
1757: LSBG
1758: TWMC
1759: PVBC
1760: PFBI
1761: KWEB
1762: DPRX
1763: BANX
1764: CVGI
1765: ATNY
1766: HRZN
1767: MIRN
1768: ISTR
1769: ZEUS
1770: EDAP
1771: PSCD
1772: HFFC
1773: ESXB
1774: ENFC
1775: IVAC
1776: ACSF
1777: ENVI
1778: PSDV
1779: TCON
1780: MAYS
1781: UNIS
1782: NEOT
1783: CPHR
1784: AXGN
1785: IRG
1786: ROIA
1787: DRAD
1788: ROIAK
1789: FCFP
1790: CUR
1791: NYMX
1792: PANL
1793: ZYNE
1794: GLMD
1795: ICBK
1796: HDSN
1797: OFED
1798: ROBO
1799: RDHL
1800: PCMI
1801: RVSB
1802: KIN
1803: HGSH
1804: ASFI
1805: FONR
1806: DEST
1807: VRML
1808: ASBB
1809: HWCC
1810: CNXR
1811: CLRO
1812: ARWA
1813: MNTX
1814: QABA
1815: FATE
1816: MBFIP
1817: OFS
1818: AAPC
1819: CAMB
1820: TRIV
1821: ACTS
1822: MOSY
1823: TRIL
1824: NBN
1825: JASN
1826: LNTH
1827: RWLK
1828: NWFL
1829: PCTI
1830: MEET
1831: REPH
1832: OSHC
1833: MLVF
1834: USAT
1835: EMCB
1836: CIZN
1837: CFRX
1838: KBSF
1839: AKAO
1840: PEBK
1841: BBGI
1842: CGO
1843: RICK
1844: BBEPP
1845: NICK
1846: IMI
1847: AIQ
1848: AREX
1849: EML
1850: SKIS
1851: ULBI
1852: FJP
1853: MITK
1854: ARDM
1855: GFN
1856: TCFC
1857: AMRK
1858: ADMA
1859: DCIX
1860: RSYS
1861: HDRA
1862: ANY
1863: ACFC
1864: AUPH
1865: AUBN
1866: JRJC
1867: CHEV
1868: ALQA
1869: RGCO
1870: CPIX
1871: OVBC
1872: JAXB
1873: ALOT
1874: HYGS
1875: APPS
1876: CUBN
1877: USMD
1878: GSIT
1879: PRGX
1880: CERU
1881: GENC
1882: SOCB
1883: NEON
1884: BIND
1885: RAVE
1886: RCKY
1887: GDEF
1888: NECB
1889: SFXE
1890: SNTA
1891: MRVC
1892: UPIP
1893: LAKE
1894: BRID
1895: FEIM
1896: SOHO
1897: TENX
1898: CBNK
1899: COVS
1900: SSRG
1901: CADT
1902: LARK
1903: ATAI
1904: FCCO
1905: HBMD
1906: WLDN
1907: SCYX
1908: BCBP
1909: ATHX
1910: HBP
1911: OHAI
1912: AAME
1913: FBMS
1914: OHRP
1915: CAMT
1916: PGLC
1917: FCCY
1918: EDGW
1919: WATT
1920: SLCT
1921: STKS
1922: UG
1923: MMAC
1924: CBYL
1925: UNTY
1926: GURE
1927: IKGH
1928: NEPT
1929: BEBE
1930: SNFCA
1931: CBFV
1932: TVIX
1933: SYNL
1934: KTCC
1935: MAMS
1936: HSON
1937: PTIE
1938: UTSI
1939: WSTG
1940: TANH
1941: LAND
1942: QUIK
1943: TTNP
1944: PXLW
1945: EVBS
1946: FALC
1947: UBFO
1948: RDCM
1949: QRHC
1950: SYMX
1951: XBKS
1952: CRWS
1953: HFBC
1954: STRL
1955: AMIC
1956: SAL
1957: LPSB
1958: PRSS
1959: MOCO
1960: BOCH
1961: LSBK
1962: CIVB
1963: KFFB
1964: MOBI
1965: OVLY
1966: DAVE
1967: MSON
1968: BKSC
1969: IRIX
1970: BAGR
1971: VUZI
1972: TLF
1973: SOCL
1974: ARKR
1975: RELL
1976: PATI
1977: BOT
1978: VNET
1979: PODD
1980: CSOD
1981: ISIL
1982: PEGI
1983: AMD
1984: CSA
1985: HQY
1986: NPBC
1987: OVTI
1988: ACXM
1989: LOGM
1990: VRTU
1991: THRM
1992: ISCA
1993: AMBA
1994: SCOR
1995: LIVN
1996: SANM
1997: FNGN
1998: ICUI
1999: FIZZ
2000: PCTY
2001: CVLT
2002: NXST
2003: TRMK
2004: DWA
2005: OSIS
2006: ITCI
2007: MINI
2008: ONB
2009: ZSPH
2010: ARLP
2011: INSY
2012: SNCR
2013: CMRX
2014: OPHT
2015: WBMD
2016: NVCR
2017: TTEK
2018: IRWD
2019: CSQ
2020: PCRX
2021: OLED
2022: GWPH
2023: CIGI
2024: EGBN
2025: TILE
2026: ROLL
2027: SFNC
2028: MDGS
2029: ADRU
2030: SMLR
2031: IFON
2032: LEDS
2033: WHLRP
2034: DARA
2035: SPRO
2036: LALT
2037: HOTR
2038: SPDC
2039: GBIM
2040: CAPN
2041: CLRB
2042: TORM
2043: CU
2044: RGSE
2045: MICT
2046: STPP
2047: CPAH
2048: TIL
2049: CBMX
2050: QBAK
2051: AKER
2052: SKBI
2053: PPHMP
2054: RTK
2055: PSCM
2056: LLEX
2057: BVXV
2058: ELSE
2059: SPHS
2060: YDIV
2061: WSCI
2062: ARTW
2063: NSPH
2064: FLAG
2065: DGRE
2066: GRVY
2067: MARPS
2068: USEG
2069: COOL
2070: FES
2071: CTIB
2072: TBIO
2073: ELTK
2074: PHMD
2075: CNYD
2076: IPDN
2077: BASI
2078: THTI
2079: RADA
2080: DCTH
2081: GRID
2082: FONE
2083: FEUZ
2084: DTUS
2085: FFHL
2086: CETC
2087: NSYS
2088: MELA
2089: DHRM
2090: AKTX
2091: PDEX
2092: SPEX
2093: QINC
2094: BSPM
2095: ROYL
2096: MYOS
2097: AHPI
2098: MTSL
2099: FCAN
2100: DGLD
2101: RCPI
2102: LBIX
2103: UGLD
2104: FORD
2105: INVT
2106: RLJE
2107: FTW
2108: BICK
2109: ASTI
2110: GLBS
2111: SLVO
2112: ESSX
2113: RELV
2114: SKLN
2115: APPY
2116: WAVX
2117: DRWI
2118: SGOC
2119: FDTS
2120: TSRI
2121: KBIO
2122: DYNT
2123: SMIT
2124: NETE
2125: CCCR
2126: VRTB
2127: GNOW
2128: EEML
2129: HYND
2130: NURO
2131: ESMC
2132: SKOR
2133: NFEC
2134: CDOR
2135: CRDT
2136: CFA
2137: HART
2138: GIGA
2139: SGNL
2140: MEIL
2141: SINO
2142: OPHC
2143: USATP
2144: ACUR
2145: PRGN
2146: CERE
2147: TUSA
2148: RCON
2149: CLNT
2150: LPTN
2151: CDORO
2152: BNSO
2153: FTHI
2154: PLTM
2155: OPTT
2156: CADC
2157: ARCI
2158: PRXI
2159: DTYL
2160: CHOP
2161: CLWT
2162: WGBS
2163: VSCP
2164: TAIT
2165: BLIN
2166: TCCO
2167: CLRX
2168: VRTA
2169: KONE
2170: HMNY
2171: LDRI
2172: FLAT
2173: FTLB
2174: UBND
2175: JGBB
2176: DTUL
2177: LIQD
2178: AXPW
2179: BOSC
2180: FLN
2181: THST
2182: VPCO
2183: DLBL
2184: VIIX
2185: LOOK
2186: SCON
2187: EMMSP
2188: ATRM
2189: DRAM
2190: FKO
2191: DXM
2192: WPCS
2193: MPET
2194: CALI
2195: XGTI
2196: YLCO
2197: SRET
2198: ZBIO
2199: OPXA
2200: FBZ
2201: MULT
2202: CHCI
2203: DFVL
2204: VIIZ
2205: LFVN
2206: TOR
2207: QKLS
2208: CYCCP
2209: DFVS
2210: ESCR
2211: PRSN
2212: UK
2213: TVIZ
2214: DRWIW
2215: FREE
2216: GBSN
2217: GYRO
2218: GLUU
2219: CRESY
2220: YRCW
2221: SGNT
2222: ASPS
2223: AVAV
2224: BMTC
2225: XENT
2226: HLIT
2227: KCLI
2228: NHTC
2229: DTSI
2230: EPIQ
2231: AMPH
2232: VONE
2233: DGICB
2234: PGNX
2235: OTIC
2236: EMCI
2237: EPZM
2238: IMOS
2239: KELYB
2240: PNNT
2241: MGI
2242: RMTI
2243: COBZ
2244: INFI
2245: CISG
2246: DNAI
2247: DSKY
2248: ANIK
2249: SALE
2250: MDM
2251: BDGE
2252: CHSCM
2253: YDLE
2254: ESPR
2255: WMIH
2256: XNET
2257: SGMO
2258: BBEP
2259: CPSI
2260: QADA
2261: FARM
2262: OMER
2263: SBCF
2264: SKYY
2265: FITBI
2266: TACO
2267: HAYN
2268: FMNB
2269: ZINC
2270: NCOM
2271: USAK
2272: CHSCP
2273: UTMD
2274: AMNB
2275: NVIV
2276: PPHM
2277: FIVN
2278: DSPG
2279: DATE
2280: LCUT
2281: FOMX
2282: CHFN
2283: KMPH
2284: ABTL
2285: LLNW
2286: BKEPP
2287: AMOT
2288: LPCN
2289: WPRT
2290: TAXI
2291: FXCB
2292: GPIA
2293: OXLC
2294: FHK
2295: KOPN
2296: PWOD
2297: AFMD
2298: SXCL
2299: QTNT
2300: DRNA
2301: CCIH
2302: CLMS
2303: HSKA
2304: AVGR
2305: CXDC
2306: ECYT
2307: GSOL
2308: NTLS
2309: NBRV
2310: AOSL
2311: FFKT
2312: CUTR
2313: CDTX
2314: POZN
2315: BKEP
2316: BLMT
2317: JAKK
2318: AMRB
2319: OPOF
2320: FSBW
2321: PSCI
2322: GTIM
2323: CDRB
2324: ICLN
2325: PWX
2326: FCTY
2327: FWM
2328: CBAN
2329: WBB
2330: KTEC
2331: FSBK
2332: MBLX
2333: TSBK
2334: CNAT
2335: HCAP
2336: LGCYO
2337: VTNR
2338: NVSL
2339: CVV
2340: DWSN
2341: TTHI
2342: IPWR
2343: GPIC
2344: DNBF
2345: TACT
2346: FSFG
2347: PKBK
2348: VTWV
2349: ORPN
2350: NAUH
2351: CLIR
2352: HWBK
2353: AWRE
2354: JYNT
2355: FULL
2356: CNFR
2357: ORMP
2358: EXFO
2359: CLBH
2360: ZN
2361: AXTI
2362: ASYS
2363: CPST
2364: ULTR
2365: CLUB
2366: USAP
2367: JC
