1: GOOGL
2: GOOG
3: MSFT
4: FB
5: AMZN
6: INTC
7: GILD
8: CMCSK
9: CMCSA
10: CSCO
11: AMGN
12: WBA
13: QCOM
14: CELG
15: KHC
16: SBUX
17: VOD
18: MDLZ
19: PCLN
20: COST
21: BIIB
22: FOX
23: TXN
24: AMOV
25: ESRX
26: REGN
27: BIDU
28: ADBE
29: NFLX
30: SHPG
31: PYPL
32: ADP
33: CTSH
34: QQQ
35: ASML
36: LBTYB
37: ALXN
38: LBTYA
39: LBTYK
40: JD
41: FOXA
42: LILA
43: LILAK
44: AVGO
45: EBAY
46: ERIC
47: BRCM
48: CME
49: YHOO
50: AAL
51: WPPGY
52: MNST
53: DISH
54: VRTX
55: INTU
56: TSLA
57: ORLY
58: ATVI
59: LVNTA
60: LVNTB
61: EA
62: ARMH
63: FISV
64: NXPI
65: CERN
66: RYAAY
67: SIRI
68: ILMN
69: VIA
70: CHTR
71: ROST
72: AMAT
73: MYL
74: MAR
75: ADI
76: INCY
77: PCAR
78: TROW
79: MU
80: PAYX
81: ISRG
82: NTES
83: VIAB
84: QVCB
85: QVCA
86: EQIX
87: BMRN
88: SIAL
89: EXPE
90: NTRS
91: IBKR
92: SNDK
93: WDC
94: ALTR
95: SWKS
96: FITB
97: NVDA
98: SBAC
99: CHKP
100: MDVN
101: DLTR
102: NCLH
103: SYMC
104: VRSK
105: LMCA
106: AKAM
107: LMCB
108: CTXS
109: LMCK
110: ENDP
111: DISCA
112: HSIC
113: STX
114: TSCO
115: CA
116: XLNX
117: DISCK
118: TRIP
119: ADSK
120: GRFS
121: LRCX
122: DISCB
123: WFM
124: FAST
125: LLTC
126: MXIM
127: ULTA
128: CHRW
129: VCSH
130: CTRP
131: HOLX
132: MCHP
133: KLAC
134: NTAP
135: SRCL
136: CTAS
137: MPEL
138: NDAQ
139: BBBY
140: HAS
141: IEP
142: EXPD
143: CINF
144: ACGL
145: DOX
146: ALKS
147: JBHT
148: VRSN
149: HBAN
150: GT
151: NWS
152: NWSA
153: LKQ
154: AGNCB
155: TW
156: FFIV
157: GMCR
158: ANSS
159: SEIC
160: MAT
161: XRAY
162: ETFC
163: SABR
164: SPLS
165: JAZZ
166: CDK
167: NTIC
168: TRCB
169: QCLN
170: ASBI
171: MNOV
172: EVOL
173: PRCP
174: ADRD
175: AMSC
176: FCAP
177: APRI
178: PRTS
179: FCVA
180: IROQ
181: AQMS
182: KINS
183: TUTT
184: MSBF
185: HNSN
186: INTG
187: SPRT
188: AVNW
189: TRNS
190: FCLF
191: LENS
192: MPB
193: MAGS
194: GMAN
195: UCBA
196: AGZD
197: IMMY
198: SIEN
199: WSTL
200: AVEO
201: TEAR
202: VSTM
203: CGIX
204: DWCH
205: CAPR
206: HIIQ
207: TINY
208: BUR
209: SNSS
210: SVVC
211: PNBK
212: MCEP
213: HTCH
214: CLBS
215: PIRS
216: TISA
217: SSBI
218: RMCF
219: OCRX
220: OGXI
221: MFNC
222: IFEU
223: MBII
224: CDZI
225: BONT
226: ARIS
227: JST
228: GFED
229: CARZ
230: GALT
231: NTEC
232: PBSK
233: RCMT
234: MCBK
235: ASRV
236: CYRN
237: MBCN
238: PSBH
239: FXEN
240: MCUR
241: PERF
242: ALDX
243: SITO
244: TGEN
245: VKTX
246: GNMA
247: MARK
248: MTEX
249: NTWK
250: TATT
251: RBPAA
252: DSKX
253: XPLR
254: ONCS
255: SMT
256: EMIF
257: HSGX
258: PFIE
259: SBCP
260: EVAR
261: CPXX
262: DVCR
263: MEIP
264: TFSC
265: BYBK
266: CWBC
267: SBBX
268: ICAD
269: ANCB
270: CYTX
271: PMD
272: CLCD
273: IPKW
274: FBSS
275: MGYR
276: DTYS
277: WBKC
278: CWAY
279: IPAS
280: RIVR
281: LOJN
282: WILC
283: LRAD
284: VLTC
285: BBLU
286: GLADO
287: INOD
288: NGHCP
289: VIRC
290: BHAC
291: TWER
292: CERCU
293: VBIV
294: UNAM
295: PBMD
296: CNLM
297: NVFY
298: CRBP
299: SPAN
300: BLRX
301: AFCB
302: ESBK
303: TST
304: CDNA
305: BIOL
306: HMNF
307: IEUS
308: OESX
309: EBIO
310: PNTR
311: MNDO
312: AIRR
313: UBOH
314: CYBE
315: ATLC
316: BCLI
317: SMAC
318: SVBI
319: FUNC
320: CHNR
321: AMTX
322: VISN
323: TAYD
324: MIND
325: SLTD
326: EMCF
327: SFBC
328: IIN
329: ADMP
330: VCEL
331: EACQ
332: SBFG
333: FHCO
334: PFBX
335: HBK
336: AEMD
337: ONCY
338: BNTC
339: MNGA
340: OMEX
341: IDSY
342: FRBA
343: PESI
344: APTO
345: USBI
346: DTRM
347: MTGEP
348: CBIO
349: HFBL
350: BAMM
351: SIBC
352: CCUR
353: QAT
354: RLOC
355: AIRT
356: PRAN
357: UBCP
358: SSH
359: PBHC
360: GLDC
361: OIIM
362: PARN
363: CZWI
364: CEMI
365: WEBK
366: MOLG
367: EEI
368: CSBR
369: YOD
370: FPA
371: FTEK
372: KEQU
373: TRCH
374: EVK
375: EAC
376: PIH
377: PBCP
378: EBMT
379: INTX
380: CBLI
381: ABIO
382: IPCI
383: ZHNE
384: WRES
385: CPHC
386: NVET
387: WHLM
388: PBIB
389: PLBC
390: STEM
391: CNTF
392: JXSB
393: GULF
394: ESES
395: NVGN
396: TLOG
397: ASTC
398: CIDM
399: ICLD
400: GWGH
401: ISSC
402: EDUC
403: EMMS
404: SMACU
405: MOKO
406: TFSCU
407: BDCV
408: MCOX
409: TUTI
410: PSCU
411: CLSN
412: CASI
413: BIOC
414: NAII
415: STLY
416: SAEX
417: CUBA
418: BLPH
419: HPJ
420: SEV
421: MFRI
422: BYFC
423: JTPY
424: SHIP
425: ZIV
426: SORL
427: MELR
428: RLOG
429: CBAY
430: CTRV
431: STRM
432: OBAS
433: STDY
434: BOTJ
435: RFIL
436: SEED
437: HTGM
438: ARCW
439: ENZN
440: SYNC
441: BWEN
442: CBAK
443: PFIN
444: CREG
445: DSCO
446: NSEC
447: GEVO
448: HOVNP
449: VICL
450: OXBR
451: SSFN
452: SMSI
453: DXPS
454: OHGI
455: PSCE
456: ACPW
457: RMGN
458: AGND
459: SBSA
460: WVVI
461: CPSH
462: ARTX
463: QTWW
464: IMNP
465: PYDS
466: GLBZ
467: ASUR
468: ZSAN
469: ERS
470: WAYN
471: KGJI
472: FEMS
473: VRNG
474: GTWN
475: SUMR
476: COSI
477: SAFM
478: ACOR
479: PRTA
480: PLAY
481: AIRM
482: BOFI
483: CBF
484: CATM
485: ONCE
486: VA
487: APOG
488: BABY
489: NKTR
490: SBRA
491: VMBS
492: ADRO
493: MNKD
494: UFPI
495: MFRM
496: CYBR
497: MGEE
498: HQCL
499: RP
500: SONC
501: CCOI
502: HUBG
503: LORL
504: SFLY
505: SSYS
506: FWRD
507: GK
508: HMIN
509: TTEC
510: FDML
511: KALU
512: PENN
513: POWI
514: RNST
515: FMBI
516: GBT
517: VIAV
518: CNV
519: CXRX
520: ITRI
521: ZIOP
522: BBCN
523: BLDR
524: IPCM
525: LTXB
526: MDAS
527: WDFC
528: AMKR
529: AINV
530: ATNI
531: EXLS
532: EXPO
533: RCII
534: SMCI
535: COHR
536: FGEN
537: FELE
538: NTGR
539: SCHL
540: ZLTQ
541: GOGO
542: ESND
543: PLXS
544: PLKI
545: AMAG
546: CLDX
547: EXEL
548: AMED
549: CHFC
550: MGLN
551: SAGE
552: VNOM
553: IOSP
554: NWBI
555: DSGX
556: UCBI
557: ARIA
558: DBVT
559: FIBK
560: LABL
561: PINC
562: ALDR
563: CSTE
564: EGOV
565: PAHC
566: ETSY
567: PAAS
568: SYKE
569: WSBC
570: FNSR
571: PRGS
572: RMBS
573: SPSC
574: NAVG
575: INDB
576: NBTB
577: STMP
578: HOLI
579: MKTO
580: GLBL
581: TFM
582: FFBC
583: BJRI
584: FWP
585: PCH
586: TLMR
587: TASR
588: WWWW
589: QLYS
590: AMWD
591: XXIA
592: AAON
593: IILG
594: UBSH
595: CZR
596: QLGC
597: SMTC
598: BNCL
599: DIOD
600: STBA
601: SHEN
602: WABC
603: CSIQ
604: FSV
605: INSM
606: MHLD
607: MNTA
608: SCAI
609: AEIS
610: PLCE
611: TREE
612: OMCL
613: PRFZ
614: CNMD
615: EXLP
616: KRNY
617: RRGB
618: MCRB
619: CNSL
620: IRCP
621: OUTR
622: SFBS
623: ACHN
624: DMND
625: LXRX
626: TQQQ
627: SCSS
628: EPAY
629: MDCA
630: SCSC
631: TOWN
632: ALOG
633: FRGI
634: GMLP
635: IIVI
636: MACK
637: OPB
638: RGEN
639: CSGS
640: HIMX
641: HURN
642: OTTR
643: TSEM
644: SHLM
645: QIWI
646: ENSG
647: FCFS
648: MANT
649: NLNK
650: SRPT
651: THRX
652: AAWW
653: BNFT
654: NXTM
655: SIMO
656: AMSF
657: BANR
658: CCMP
659: DEPO
660: FRME
661: ENT
662: PRIM
663: VCLT
664: MGNX
665: NTK
666: SKYW
667: STFC
668: ARII
669: ECPG
670: MMLP
671: ANDE
672: RUSHA
673: BANF
674: SRCE
675: NSIT
676: IMKTA
677: KANG
678: EBIX
679: CACQ
680: GSM
681: XOOM
682: VRTS
683: ECOL
684: MTSC
685: ABAX
686: MITL
687: SWHC
688: IMGN
689: SGMS
690: ABCB
691: MDXG
692: CAFD
693: EGRX
694: MDIV
695: BOBE
696: BPFH
697: TWOU
698: UFCS
699: ROVI
700: CALD
701: CYOU
702: CHRS
703: IFGL
704: IPCC
705: BSFT
706: EGHT
707: REMY
708: NWLI
709: ELGX
710: INDY
711: HMSY
712: DENN
713: LINE
714: GLRE
715: RUSHB
716: RUN
717: TIVO
718: CLLS
719: IIJI
720: QSII
721: TYPE
722: HDP
723: CRAY
724: CENTA
725: ATRO
726: WIRE
727: ELNK
728: SAFT
729: OLLI
730: ACET
731: IRBT
732: DVAX
733: HAFC
734: PTCT
735: CENT
736: LITE
737: VDTH
738: WIX
739: XLRN
740: NK
741: FSC
742: IPHS
743: SGRY
744: GBDC
745: BNCN
746: NCMI
747: TRS
748: TOUR
749: WSFS
750: CVGW
751: WIBC
752: VECO
753: CHY
754: CONN
755: RPXC
756: CTCT
757: SAIA
758: JRVR
759: IFV
760: SCMP
761: FTD
762: SEDG
763: STNR
764: GNCMA
765: PRSC
766: UEPS
767: IPAR
768: RSTI
769: KFRC
770: RENT
771: CROX
772: SNHY
773: CPLP
774: INGN
775: DERM
776: LHCG
777: ABGB
778: HIBB
779: BRKL
780: APOL
781: FINL
782: MMSI
783: CEMP
784: SWIR
785: BONA
786: STBZ
787: ISLE
788: FOLD
789: NRCIB
790: HTLF
791: USCR
792: LE
793: SUPN
794: EBSB
795: HRTX
796: CFMS
797: LMNX
798: FMI
799: VIVO
800: LKFN
801: FPRX
802: KLIC
803: PDLI
804: EXAS
805: MTGE
806: HSTM
807: AXDX
808: CYNO
809: BRKS
810: GPRE
811: ARRY
812: UTIW
813: ADTN
814: TTS
815: HTWR
816: WIN
817: IQNT
818: SLRC
819: ASTE
820: EZCH
821: CFNL
822: KTWO
823: VNR
824: RPD
825: ARCB
826: WING
827: PTNR
828: ICON
829: MGRC
830: ISSI
831: PTXP
832: CVCO
833: AFFX
834: TCPC
835: VDSI
836: CHI
837: CAMP
838: NFBK
839: CHCO
840: BIB
841: ORIT
842: PATK
843: FNBC
844: SBSI
845: SRSC
846: BKCC
847: UEIC
848: GBLI
849: TTMI
850: IBTX
851: NTRI
852: GHDX
853: MERC
854: ININ
855: AIMC
856: ORBK
857: ATRA
858: ADAP
859: AEGN
860: ATRI
861: SASR
862: IRDM
863: NIHD
864: PGTI
865: ROCK
866: RDWR
867: AMBC
868: TGTX
869: GSBC
870: DHIL
871: RECN
872: FLML
873: WASH
874: RAVN
875: GTLS
876: CRVL
877: ECHO
878: CSFL
879: AIXG
880: MMYT
881: BCOM
882: UBNK
883: PLUS
884: MESG
885: RTRX
886: SGYP
887: HEES
888: NYMT
889: MB
890: PLAB
891: DCOM
892: BCRX
893: FOXF
894: AIMT
895: FLWS
896: OFIX
897: WLRH
898: CPLA
899: STRA
900: ATSG
901: LDRH
902: RVNC
903: HMTV
904: MPAA
905: AMRI
906: HABT
907: FARO
908: LGIH
909: LONG
910: FFIC
911: CTBI
912: ICFI
913: TRST
914: INTL
915: CASS
916: QQEW
917: SHOR
918: SSRI
919: APPF
920: QDEL
921: KELYA
922: CKEC
923: MRCY
924: MTRX
925: BPMC
926: PRFT
927: JBSS
928: BUSE
929: PMTS
930: OSIR
931: EFSC
932: NEWP
933: TCBK
934: NVDQ
935: PACB
936: FRAN
937: VGSH
938: FORR
939: ALRM
940: VASC
941: RLYP
942: MRTN
943: TDIV
944: BOJA
945: SPNS
946: ARNA
947: AMCC
948: SYBT
949: CHMA
950: OMED
951: EDGE
952: ACTA
953: MRTX
954: AERI
955: LOB
956: HFWA
957: PCCC
958: GRBK
959: GERN
960: VTWO
961: SP
962: CSWI
963: RNET
964: UDF
965: RUTH
966: NATL
967: CNOB
968: TEDU
969: LSCC
970: DGRW
971: ATRC
972: TRUE
973: WOWO
974: RBCAA
975: BDBD
976: SPNC
977: FRED
978: XIV
979: ITRN
980: HCKT
981: MSFG
982: CEVA
983: CNCE
984: SQBG
985: XNCR
986: CLNE
987: VRA
988: ANIP
989: HMST
990: STCK
991: CHUY
992: GSIG
993: INO
994: BCOR
995: LION
996: VONG
997: KPTI
998: CCLP
999: PFBC
1000: KERX
1001: TBPH
1002: CCD
1003: SCVL
1004: HYLS
1005: LIND
1006: UACL
1007: XBIT
1008: PPBI
1009: COWN
1010: MYRG
1011: TRVN
1012: SAAS
1013: CHSCN
1014: NMIH
1015: NEWS
1016: STKL
1017: VNDA
1018: RPTP
1019: CHW
1020: ONEQ
1021: MFLX
1022: HWKN
1023: CSII
1024: SCHN
1025: THFF
1026: SEMI
1027: LOCO
1028: SBLK
1029: DXPE
1030: NDRM
1031: ENTA
1032: ARAY
1033: GPP
1034: MEMP
1035: FORTY
1036: PKOH
1037: LBAI
1038: FRP
1039: IXYS
1040: FNHC
1041: ZUMZ
1042: AEGR
1043: JASO
1044: FORM
1045: LPSN
1046: METR
1047: FBIZ
1048: DMLP
1049: CERS
1050: ASND
1051: TAST
1052: ANGO
1053: ERI
1054: QPAC
1055: FOGO
1056: NBBC
1057: VBND
1058: CCRN
1059: ORBC
1060: EUFN
1061: DAKT
1062: WLRHU
1063: AGEN
1064: NEO
1065: KNDI
1066: GABC
1067: VONV
1068: CORT
1069: IGOV
1070: NNBR
1071: SOXX
1072: NTRSP
1073: NTRA
1074: CTWS
1075: LOXO
1076: MTLS
1077: WINA
1078: MSEX
1079: VWOB
1080: CACB
1081: ARDX
1082: STB
1083: UTEK
1084: HSII
1085: QADB
1086: QURE
1087: FEP
1088: AEPI
1089: ANGI
1090: KBAL
1091: ABCW
1092: KIRK
1093: TUBE
1094: MLAB
1095: TCRD
1096: CUNB
1097: BHBK
1098: CTRN
1099: SMRT
1100: NWBO
1101: AFAM
1102: PLUG
1103: SREV
1104: GOGL
1105: VICR
1106: SNC
1107: PDVW
1108: WSBF
1109: VRNS
1110: SGBK
1111: PEBO
1112: POWL
1113: AGFS
1114: CMCO
1115: OSTK
1116: DGICA
1117: OFLX
1118: CARA
1119: VUSE
1120: CMTL
1121: CHEF
1122: PSEM
1123: NDLS
1124: CENX
1125: FLIC
1126: ERII
1127: KRNT
1128: DXGE
1129: TICC
1130: CVTI
1131: SNBC
1132: HTBI
1133: IIIN
1134: DTEA
1135: OVAS
1136: UVSP
1137: SPOK
1138: APEI
1139: INAP
1140: CSBK
1141: XCRA
1142: PRTK
1143: ALCO
1144: FFWM
1145: TGLS
1146: ACTG
1147: SCLN
1148: FBNC
1149: LJPC
1150: NILE
1151: HWAY
1152: INWK
1153: CYAD
1154: CTRE
1155: OREX
1156: FISI
1157: RDEN
1158: BSTC
1159: BV
1160: FDEF
1161: JIVE
1162: EXTR
1163: NRCIA
1164: GBNK
1165: AROW
1166: RDI
1167: LIOX
1168: VGIT
1169: ADXS
1170: MBWM
1171: SPPI
1172: RGNX
1173: NVCN
1174: BLCM
1175: PDFS
1176: MCRI
1177: BWINB
1178: MOFG
1179: TSC
1180: QQQX
1181: FRPT
1182: SUBK
1183: COLL
1184: AMCN
1185: BWINA
1186: GOOD
1187: BEAT
1188: FCBC
1189: FSAM
1190: PRQR
1191: VLGEA
1192: AVID
1193: PBPB
1194: KE
1195: ACLS
1196: IDRA
1197: EZPW
1198: BSET
1199: PGC
1200: PETS
1201: LNDC
1202: RGLS
1203: CTMX
1204: ORIG
1205: OKSB
1206: PERY
1207: QTEC
1208: BBSI
1209: UIHC
1210: FLXN
1211: BKMU
1212: SKYS
1213: REGI
1214: GNBC
1215: IBCP
1216: SIGM
1217: HMPR
1218: IMMR
1219: TNGO
1220: COB
1221: VIMC
1222: BZUN
1223: FLXS
1224: XNPT
1225: ATAX
1226: KZ
1227: CHSCO
1228: SONS
1229: VSAR
1230: GNMK
1231: WTBA
1232: AFOP
1233: PSTB
1234: TTPH
1235: DFRG
1236: BMRC
1237: BSF
1238: OCFC
1239: SODA
1240: ABUS
1241: ARWR
1242: SENEB
1243: HNH
1244: TESO
1245: STAA
1246: NANO
1247: OCLR
1248: CCXI
1249: TBK
1250: FTSL
1251: WRLD
1252: PHII
1253: WEYS
1254: CGEN
1255: FRPH
1256: LNCO
1257: MOBL
1258: DGII
1259: TCX
1260: PTSI
1261: HTBK
1262: HEOP
1263: TIPT
1264: PHIIK
1265: PFIS
1266: APIC
1267: ASCMA
1268: DMTX
1269: DMRC
1270: RXDX
1271: CARB
1272: CTIC
1273: TTGT
1274: YORW
1275: SRNE
1276: MGPI
1277: CAC
1278: RJET
1279: SYUT
1280: LMOS
1281: AMSWA
1282: AAOI
1283: ENTL
1284: DXLG
1285: LBIO
1286: AUMA
1287: CASH
1288: SVA
1289: TAX
1290: TNAV
1291: AVHI
1292: POPE
1293: COHU
1294: EVEP
1295: PUB
1296: LGCY
1297: CETV
1298: NVEC
1299: ZIXI
1300: PCBK
1301: RELY
1302: ELOS
1303: KEYW
1304: SENEA
1305: IRMD
1306: PSCT
1307: WIFI
1308: NSTG
1309: TBBK
1310: FKU
1311: CRMT
1312: ZFGN
1313: TBNK
1314: FBNK
1315: KTOS
1316: THLD
1317: NVMI
1318: DJCO
1319: TRIB
1320: SZYM
1321: ACRS
1322: HCCI
1323: RDNT
1324: QCRH
1325: OSUR
1326: BDSI
1327: HOFT
1328: PFSW
1329: CPRX
1330: ABTX
1331: SQI
1332: BELFB
1333: ADUS
1334: SRDX
1335: RTIX
1336: AMRS
1337: IMDZ
1338: DAX
1339: HIFS
1340: UCFC
1341: CCNE
1342: GALE
1343: TITN
1344: REIS
1345: ASEI
1346: CTCM
1347: CECO
1348: CCBG
1349: OXFD
1350: HCOM
1351: ZGNX
1352: QNST
1353: CYTK
1354: INNL
1355: COMT
1356: WOOD
1357: ELRC
1358: MCFT
1359: DHXM
1360: AGYS
1361: PSIX
1362: AKBA
1363: TRTL
1364: SGC
1365: USLM
1366: CSCD
1367: ADMS
1368: ESCA
1369: PEIX
1370: BFIN
1371: ACAT
1372: GLDD
1373: ZAGG
1374: ONTY
1375: TKAI
1376: LIFE
1377: CWST
1378: AMRN
1379: FSFR
1380: ENOC
1381: PICO
1382: FCEL
1383: VTAE
1384: CRIS
1385: MZOR
1386: LYTS
1387: BBOX
1388: CLACU
1389: BPOPN
1390: VTVT
1391: ELECU
1392: HBNC
1393: RDIB
1394: CNBKA
1395: NKSH
1396: WMAR
1397: CZNC
1398: TUES
1399: PSCH
1400: EXAC
1401: TSYS
1402: ISRL
1403: ELEC
1404: LQDT
1405: MGIC
1406: PRTO
1407: MBUU
1408: PNQI
1409: LAWS
1410: SILC
1411: LMNR
1412: FDUS
1413: EBTC
1414: TTOO
1415: HALL
1416: SNMX
1417: GARS
1418: RAIL
1419: EYES
1420: HCAC
1421: FSZ
1422: TNDM
1423: SQQQ
1424: VSEC
1425: BELFA
1426: FGM
1427: ATLO
1428: BGFV
1429: CECE
1430: EGLE
1431: SEAC
1432: EHTH
1433: RIGL
1434: DRRX
1435: ANTH
1436: WILN
1437: AMSGP
1438: PLPC
1439: FRSH
1440: JOUT
1441: GEOS
1442: ANCX
1443: GAIN
1444: CSWC
1445: FLDM
1446: UBIC
1447: PCYG
1448: NYNY
1449: ABCD
1450: SIXD
1451: SPKE
1452: IMMU
1453: NUTR
1454: CPTA
1455: HLG
1456: BLBD
1457: NATR
1458: PETX
1459: AGTC
1460: BSRR
1461: ARTNA
1462: CRAI
1463: EGLT
1464: ATRS
1465: BLDP
1466: AFH
1467: CBMG
1468: FNLC
1469: STRT
1470: SIFY
1471: PRMW
1472: LMAT
1473: MRLN
1474: JMBA
1475: SQNM
1476: CTR
1477: ENZY
1478: DXJS
1479: FUEL
1480: AAVL
1481: NRIM
1482: NEOS
1483: FTGC
1484: IGLD
1485: LWAY
1486: NCIT
1487: MDWD
1488: WHF
1489: CLFD
1490: ITEK
1491: MBVT
1492: SHOS
1493: OSBC
1494: TGA
1495: VCYT
1496: TRTLU
1497: CAAS
1498: ADEP
1499: MXWL
1500: FLKS
1501: SLMBP
1502: MATR
1503: KCAP
1504: GLAD
1505: CYTR
1506: HBCP
1507: GUID
1508: EXXI
1509: ALLT
1510: MCHX
1511: FMBH
1512: MRCC
1513: SZMK
1514: ATTU
1515: OLBK
1516: CALL
1517: FCSC
1518: SNAK
1519: GGAC
1520: FFNW
1521: GSVC
1522: HNRG
1523: PFLT
1524: CBNJ
1525: NATH
1526: MHLDO
1527: PTX
1528: KONA
1529: NVEE
1530: PULB
1531: HKTV
1532: GASS
1533: WFBI
1534: BBRG
1535: OCAT
1536: MTSN
1537: HURC
1538: OCUL
1539: BITI
1540: DTLK
1541: REXI
1542: CIFC
1543: SPNE
1544: SUNS
1545: NEWT
1546: MCBC
1547: CMLS
1548: EMKR
1549: UNTD
1550: VBTX
1551: CYNA
1552: ENPH
1553: BCOV
1554: MFSF
1555: CWCO
1556: ASMB
1557: UFPT
1558: TESS
1559: LMRK
1560: BDE
1561: VTHR
1562: GIFI
1563: GAIA
1564: TBRA
1565: EVLV
1566: PCO
1567: HNNA
1568: AXAS
1569: FSTR
1570: ABDC
1571: NMRX
1572: KVHI
1573: VTL
1574: SALM
1575: SKUL
1576: FSGI
1577: CHKE
1578: APDN
1579: IVTY
1580: SMBC
1581: FDT
1582: FNWB
1583: SLP
1584: PERI
1585: EFOI
1586: RILY
1587: BIOS
1588: IESC
1589: VALU
1590: XONE
1591: PLPM
1592: PCOM
1593: NAME
1594: YCB
1595: CNTY
1596: FEM
1597: VVUS
1598: GILT
1599: UCTT
1600: MLNK
1601: SIFI
1602: TWIN
1603: AQXP
1604: CLCT
1605: AGRX
1606: BREW
1607: QQXT
1608: ROIQ
1609: STML
1610: CRME
1611: BIS
1612: WLB
1613: EEMA
1614: LCNB
1615: ONFC
1616: QLTI
1617: PNRG
1618: GLDI
1619: TCBIP
1620: CTSO
1621: RNWK
1622: ADRE
1623: CMFN
1624: ESSA
1625: SGI
1626: SPAR
1627: RRM
1628: ORRF
1629: GOMO
1630: HRMN
1631: GTXI
1632: SBBP
1633: ACRX
1634: SBRAP
1635: FBRC
1636: ZAIS
1637: ITIC
1638: CRNT
1639: FUND
1640: ESIO
1641: SAMG
1642: EXA
1643: KMDA
1644: FENX
1645: ISHG
1646: MVIS
1647: FRBK
1648: WFD
1649: AUDC
1650: CARO
1651: VBLT
1652: VTWG
1653: PLNR
1654: HEAR
1655: III
1656: PROV
1657: SLMAP
1658: DGAS
1659: ADHD
1660: EPIX
1661: XELB
1662: ARQL
1663: CFNB
1664: INBK
1665: TROV
1666: BPTH
1667: AVNU
1668: MBTF
1669: NSSC
1670: DXYN
1671: VOXX
1672: MSLI
1673: SONA
1674: MNRK
1675: LMIA
1676: ALIM
1677: STRS
1678: TZOO
1679: RVLT
1680: SHLO
1681: EARS
1682: BOOM
1683: FNTC
1684: PSTI
1685: PME
1686: CALA
1687: CPSS
1688: BYLK
1689: BWFG
1690: DRYS
1691: DSCI
1692: CTG
1693: ROIQU
1694: IRDMB
1695: PMBC
1696: ACNB
1697: GGACU
1698: SFST
1699: NWPX
1700: ABEO
1701: CDXS
1702: CUI
1703: PFMT
1704: CORI
1705: CFFI
1706: LAYN
1707: WHLR
1708: CVLY
1709: JNP
1710: VGLT
1711: GRIF
1712: SPCB
1713: FTSM
1714: SMMF
1715: WLFC
1716: MBRG
1717: GLYC
1718: OASM
1719: REFR
1720: PBIP
1721: HBIO
1722: VNRBP
1723: MHGC
1724: RPRX
1725: NERV
1726: NVLS
1727: SMMT
1728: CVCY
1729: FBIO
1730: GNCA
1731: REXX
1732: CHMG
1733: SMED
1734: MIFI
1735: XOMA
1736: MRNS
1737: HDNG
1738: PCYO
1739: SHBI
1740: GDEN
1741: TNXP
1742: EGAN
1743: XENE
1744: UPLD
1745: GCBC
1746: BSQR
1747: CATB
1748: RKDA
1749: UNB
1750: ALSK
1751: FTCS
1752: ARGS
1753: EPRS
1754: PSCF
1755: FSYS
1756: LSBG
1757: TWMC
1758: PVBC
1759: PFBI
1760: KWEB
1761: DPRX
1762: BANX
1763: CVGI
1764: ATNY
1765: HRZN
1766: MIRN
1767: ISTR
1768: ZEUS
1769: EDAP
1770: PSCD
1771: HFFC
1772: ESXB
1773: ENFC
1774: IVAC
1775: ACSF
1776: ENVI
1777: PSDV
1778: TCON
1779: MAYS
1780: UNIS
1781: NEOT
1782: CPHR
1783: AXGN
1784: IRG
1785: ROIA
1786: DRAD
1787: ROIAK
1788: FCFP
1789: CUR
1790: NYMX
1791: PANL
1792: ZYNE
1793: GLMD
1794: ICBK
1795: HDSN
1796: OFED
1797: ROBO
1798: RDHL
1799: PCMI
1800: RVSB
1801: KIN
1802: HGSH
1803: ASFI
1804: FONR
1805: DEST
1806: VRML
1807: ASBB
1808: HWCC
1809: CNXR
1810: CLRO
1811: ARWA
1812: MNTX
1813: QABA
1814: FATE
1815: MBFIP
1816: OFS
1817: AAPC
1818: CAMB
1819: TRIV
1820: ACTS
1821: MOSY
1822: TRIL
1823: NBN
1824: JASN
1825: LNTH
1826: RWLK
1827: NWFL
1828: PCTI
1829: MEET
1830: REPH
1831: OSHC
1832: MLVF
1833: USAT
1834: EMCB
1835: CIZN
1836: CFRX
1837: KBSF
1838: AKAO
1839: PEBK
1840: BBGI
1841: CGO
1842: RICK
1843: BBEPP
1844: NICK
1845: IMI
1846: AIQ
1847: AREX
1848: EML
1849: SKIS
1850: ULBI
1851: FJP
1852: MITK
1853: ARDM
1854: GFN
1855: TCFC
1856: AMRK
1857: ADMA
1858: DCIX
1859: RSYS
1860: HDRA
1861: ANY
1862: ACFC
1863: AUPH
1864: AUBN
1865: JRJC
1866: CHEV
1867: ALQA
1868: RGCO
1869: CPIX
1870: OVBC
1871: JAXB
1872: ALOT
1873: HYGS
1874: APPS
1875: CUBN
1876: USMD
1877: GSIT
1878: PRGX
1879: CERU
1880: GENC
1881: SOCB
1882: NEON
1883: BIND
1884: RAVE
1885: RCKY
1886: GDEF
1887: NECB
1888: SFXE
1889: SNTA
1890: MRVC
1891: UPIP
1892: LAKE
1893: BRID
1894: FEIM
1895: SOHO
1896: TENX
1897: CBNK
1898: COVS
1899: SSRG
1900: CADT
1901: LARK
1902: ATAI
1903: FCCO
1904: HBMD
1905: WLDN
1906: SCYX
1907: BCBP
1908: ATHX
1909: HBP
1910: OHAI
1911: AAME
1912: FBMS
1913: OHRP
1914: CAMT
1915: PGLC
1916: FCCY
1917: EDGW
1918: WATT
1919: SLCT
1920: STKS
1921: UG
1922: MMAC
1923: CBYL
1924: UNTY
1925: GURE
1926: IKGH
1927: NEPT
1928: BEBE
1929: SNFCA
1930: CBFV
1931: TVIX
1932: SYNL
1933: KTCC
1934: MAMS
1935: HSON
1936: PTIE
1937: UTSI
1938: WSTG
1939: TANH
1940: LAND
1941: QUIK
1942: TTNP
1943: PXLW
1944: EVBS
1945: FALC
1946: UBFO
1947: RDCM
1948: QRHC
1949: SYMX
1950: XBKS
1951: CRWS
1952: HFBC
1953: STRL
1954: AMIC
1955: SAL
1956: LPSB
1957: PRSS
1958: MOCO
1959: BOCH
1960: LSBK
1961: CIVB
1962: KFFB
1963: MOBI
1964: OVLY
1965: DAVE
1966: MSON
1967: BKSC
1968: IRIX
1969: BAGR
1970: VUZI
1971: TLF
1972: SOCL
1973: ARKR
1974: RELL
1975: PATI
1976: BOT
1977: VNET
1978: PODD
1979: CSOD
1980: ISIL
1981: PEGI
1982: AMD
1983: CSA
1984: HQY
1985: NPBC
1986: OVTI
1987: ACXM
1988: LOGM
1989: VRTU
1990: THRM
1991: ISCA
1992: AMBA
1993: SCOR
1994: LIVN
1995: SANM
1996: FNGN
1997: ICUI
1998: FIZZ
1999: PCTY
2000: CVLT
2001: NXST
2002: TRMK
2003: DWA
2004: OSIS
2005: ITCI
2006: MINI
2007: ONB
2008: ZSPH
2009: ARLP
2010: INSY
2011: SNCR
2012: CMRX
2013: OPHT
2014: WBMD
2015: NVCR
2016: TTEK
2017: IRWD
2018: CSQ
2019: PCRX
2020: OLED
2021: GWPH
2022: CIGI
2023: EGBN
2024: TILE
2025: ROLL
2026: SFNC
2027: MDGS
2028: ADRU
2029: SMLR
2030: IFON
2031: LEDS
2032: WHLRP
2033: DARA
2034: SPRO
2035: LALT
2036: HOTR
2037: SPDC
2038: GBIM
2039: CAPN
2040: CLRB
2041: TORM
2042: CU
2043: RGSE
2044: MICT
2045: STPP
2046: CPAH
2047: TIL
2048: CBMX
2049: QBAK
2050: AKER
2051: SKBI
2052: PPHMP
2053: RTK
2054: PSCM
2055: LLEX
2056: BVXV
2057: ELSE
2058: SPHS
2059: YDIV
2060: WSCI
2061: ARTW
2062: NSPH
2063: FLAG
2064: DGRE
2065: GRVY
2066: MARPS
2067: USEG
2068: COOL
2069: FES
2070: CTIB
2071: TBIO
2072: ELTK
2073: PHMD
2074: CNYD
2075: IPDN
2076: BASI
2077: THTI
2078: RADA
2079: DCTH
2080: GRID
2081: FONE
2082: FEUZ
2083: DTUS
2084: FFHL
2085: CETC
2086: NSYS
2087: MELA
2088: DHRM
2089: AKTX
2090: PDEX
2091: SPEX
2092: QINC
2093: BSPM
2094: ROYL
2095: MYOS
2096: AHPI
2097: MTSL
2098: FCAN
2099: DGLD
2100: RCPI
2101: LBIX
2102: UGLD
2103: FORD
2104: INVT
2105: RLJE
2106: FTW
2107: BICK
2108: ASTI
2109: GLBS
2110: SLVO
2111: ESSX
2112: RELV
2113: SKLN
2114: APPY
2115: WAVX
2116: DRWI
2117: SGOC
2118: FDTS
2119: TSRI
2120: KBIO
2121: DYNT
2122: SMIT
2123: NETE
2124: CCCR
2125: VRTB
2126: GNOW
2127: EEML
2128: HYND
2129: NURO
2130: ESMC
2131: SKOR
2132: NFEC
2133: CDOR
2134: CRDT
2135: CFA
2136: HART
2137: GIGA
2138: SGNL
2139: MEIL
2140: SINO
2141: OPHC
2142: USATP
2143: ACUR
2144: PRGN
2145: CERE
2146: TUSA
2147: RCON
2148: CLNT
2149: LPTN
2150: CDORO
2151: BNSO
2152: FTHI
2153: PLTM
2154: OPTT
2155: CADC
2156: ARCI
2157: PRXI
2158: DTYL
2159: CHOP
2160: CLWT
2161: WGBS
2162: VSCP
2163: TAIT
2164: BLIN
2165: TCCO
2166: CLRX
2167: VRTA
2168: KONE
2169: HMNY
2170: LDRI
2171: FLAT
2172: FTLB
2173: UBND
2174: JGBB
2175: DTUL
2176: LIQD
2177: AXPW
2178: BOSC
2179: FLN
2180: THST
2181: VPCO
2182: DLBL
2183: VIIX
2184: LOOK
2185: SCON
2186: EMMSP
2187: ATRM
2188: DRAM
2189: FKO
2190: DXM
2191: WPCS
2192: MPET
2193: CALI
2194: XGTI
2195: YLCO
2196: SRET
2197: ZBIO
2198: OPXA
2199: FBZ
2200: MULT
2201: CHCI
2202: DFVL
2203: VIIZ
2204: LFVN
2205: TOR
2206: QKLS
2207: CYCCP
2208: DFVS
2209: ESCR
2210: PRSN
2211: UK
2212: TVIZ
2213: DRWIW
2214: FREE
2215: GBSN
2216: GYRO
2217: GLUU
2218: CRESY
2219: YRCW
2220: SGNT
2221: ASPS
2222: AVAV
2223: BMTC
2224: XENT
2225: HLIT
2226: KCLI
2227: NHTC
2228: DTSI
2229: EPIQ
2230: AMPH
2231: VONE
2232: DGICB
2233: PGNX
2234: OTIC
2235: EMCI
2236: EPZM
2237: IMOS
2238: KELYB
2239: PNNT
2240: MGI
2241: RMTI
2242: COBZ
2243: INFI
2244: CISG
2245: DNAI
2246: DSKY
2247: ANIK
2248: SALE
2249: MDM
2250: BDGE
2251: CHSCM
2252: YDLE
2253: ESPR
2254: WMIH
2255: XNET
2256: SGMO
2257: BBEP
2258: CPSI
2259: QADA
2260: FARM
2261: OMER
2262: SBCF
2263: SKYY
2264: FITBI
2265: TACO
2266: HAYN
2267: FMNB
2268: ZINC
2269: NCOM
2270: USAK
2271: CHSCP
2272: UTMD
2273: AMNB
2274: NVIV
2275: PPHM
2276: FIVN
2277: DSPG
2278: DATE
2279: LCUT
2280: FOMX
2281: CHFN
2282: KMPH
2283: ABTL
2284: LLNW
2285: BKEPP
2286: AMOT
2287: LPCN
2288: WPRT
2289: TAXI
2290: FXCB
2291: GPIA
2292: OXLC
2293: FHK
2294: KOPN
2295: PWOD
2296: AFMD
2297: SXCL
2298: QTNT
2299: DRNA
2300: CCIH
2301: CLMS
2302: HSKA
2303: AVGR
2304: CXDC
2305: ECYT
2306: GSOL
2307: NTLS
2308: NBRV
2309: AOSL
2310: FFKT
2311: CUTR
2312: CDTX
2313: POZN
2314: BKEP
2315: BLMT
2316: JAKK
2317: AMRB
2318: OPOF
2319: FSBW
2320: PSCI
2321: GTIM
2322: CDRB
2323: ICLN
2324: PWX
2325: FCTY
2326: FWM
2327: CBAN
2328: WBB
2329: KTEC
2330: FSBK
2331: MBLX
2332: TSBK
2333: CNAT
2334: HCAP
2335: LGCYO
2336: VTNR
2337: NVSL
2338: CVV
2339: DWSN
2340: TTHI
2341: IPWR
2342: GPIC
2343: DNBF
2344: TACT
2345: FSFG
2346: PKBK
2347: VTWV
2348: ORPN
2349: NAUH
2350: CLIR
2351: HWBK
2352: AWRE
2353: JYNT
2354: FULL
2355: CNFR
2356: ORMP
2357: EXFO
2358: CLBH
2359: ZN
2360: AXTI
2361: ASYS
2362: CPST
2363: ULTR
2364: CLUB
2365: USAP
2366: JC
P
2367: JC
